INFO 2025-01-15 20:05:46,894 autoreload Watching for file changes with StatReloader
INFO 2025-01-15 20:05:48,258 basehttp "GET /api/messages/latest/ HTTP/1.1" 200 814
INFO 2025-01-15 20:05:53,229 basehttp "GET /api/messages/latest/ HTTP/1.1" 200 814
INFO 2025-01-15 20:05:58,231 basehttp "GET /api/messages/latest/ HTTP/1.1" 200 814
INFO 2025-01-15 20:06:00,168 basehttp "GET /messages/ HTTP/1.1" 200 3660
INFO 2025-01-15 20:06:00,201 basehttp "GET /api/messages/latest/ HTTP/1.1" 200 814
INFO 2025-01-15 20:06:05,197 basehttp "GET /api/messages/latest/ HTTP/1.1" 200 814
INFO 2025-01-15 20:06:10,234 basehttp "GET /api/messages/latest/ HTTP/1.1" 200 814
INFO 2025-01-15 20:06:15,227 basehttp "GET /api/messages/latest/ HTTP/1.1" 200 814
INFO 2025-01-15 20:06:20,230 basehttp "GET /api/messages/latest/ HTTP/1.1" 200 814
INFO 2025-01-15 20:06:25,225 basehttp "GET /api/messages/latest/ HTTP/1.1" 200 814
INFO 2025-01-15 20:06:30,219 basehttp "GET /api/messages/latest/ HTTP/1.1" 200 814
INFO 2025-01-15 20:06:35,218 basehttp "GET /api/messages/latest/ HTTP/1.1" 200 814
INFO 2025-01-15 20:06:40,221 basehttp "GET /api/messages/latest/ HTTP/1.1" 200 814
INFO 2025-01-15 20:06:45,233 basehttp "GET /api/messages/latest/ HTTP/1.1" 200 814
INFO 2025-01-15 20:06:50,227 basehttp "GET /api/messages/latest/ HTTP/1.1" 200 814
INFO 2025-01-15 20:06:55,227 basehttp "GET /api/messages/latest/ HTTP/1.1" 200 814
INFO 2025-01-15 20:07:00,217 basehttp "GET /api/messages/latest/ HTTP/1.1" 200 814
INFO 2025-01-15 20:07:05,217 basehttp "GET /api/messages/latest/ HTTP/1.1" 200 814
INFO 2025-01-15 20:08:06,222 basehttp "GET /api/messages/latest/ HTTP/1.1" 200 814
INFO 2025-01-15 20:09:07,218 basehttp "GET /api/messages/latest/ HTTP/1.1" 200 814
INFO 2025-01-15 20:09:55,443 autoreload Watching for file changes with StatReloader
INFO 2025-01-15 20:09:59,619 basehttp "GET /api/messages/latest/ HTTP/1.1" 200 814
INFO 2025-01-15 20:10:00,212 basehttp "GET /api/messages/latest/ HTTP/1.1" 200 814
INFO 2025-01-15 20:10:00,281 basehttp "GET /messages/ HTTP/1.1" 200 3660
INFO 2025-01-15 20:10:00,291 basehttp "GET /static/js/messages.js HTTP/1.1" 304 0
INFO 2025-01-15 20:10:00,309 basehttp "GET /api/messages/latest/ HTTP/1.1" 200 814
INFO 2025-01-15 20:10:00,672 basehttp "GET /messages/ HTTP/1.1" 200 3660
INFO 2025-01-15 20:10:00,701 basehttp "GET /api/messages/latest/ HTTP/1.1" 200 814
INFO 2025-01-15 20:10:00,870 basehttp "GET /messages/ HTTP/1.1" 200 3660
INFO 2025-01-15 20:10:00,900 basehttp "GET /api/messages/latest/ HTTP/1.1" 200 814
INFO 2025-01-15 20:10:01,037 basehttp "GET /messages/ HTTP/1.1" 200 3660
INFO 2025-01-15 20:10:01,062 basehttp "GET /api/messages/latest/ HTTP/1.1" 200 814
INFO 2025-01-15 20:10:01,175 basehttp "GET /messages/ HTTP/1.1" 200 3660
INFO 2025-01-15 20:10:01,205 basehttp "GET /api/messages/latest/ HTTP/1.1" 200 814
INFO 2025-01-15 20:10:01,336 basehttp "GET /messages/ HTTP/1.1" 200 3660
INFO 2025-01-15 20:10:01,378 basehttp "GET /api/messages/latest/ HTTP/1.1" 200 814
INFO 2025-01-15 20:10:06,382 basehttp "GET /api/messages/latest/ HTTP/1.1" 200 814
INFO 2025-01-15 20:10:11,372 basehttp "GET /api/messages/latest/ HTTP/1.1" 200 814
INFO 2025-01-15 20:10:16,372 basehttp "GET /api/messages/latest/ HTTP/1.1" 200 814
INFO 2025-01-15 20:10:21,379 basehttp "GET /api/messages/latest/ HTTP/1.1" 200 814
INFO 2025-01-15 20:10:26,422 basehttp "GET /api/messages/latest/ HTTP/1.1" 200 814
INFO 2025-01-15 20:10:31,370 basehttp "GET /api/messages/latest/ HTTP/1.1" 200 814
INFO 2025-01-15 20:10:36,377 basehttp "GET /api/messages/latest/ HTTP/1.1" 200 814
INFO 2025-01-15 20:10:41,385 basehttp "GET /api/messages/latest/ HTTP/1.1" 200 814
INFO 2025-01-15 20:10:46,375 basehttp "GET /api/messages/latest/ HTTP/1.1" 200 814
INFO 2025-01-15 20:10:51,377 basehttp "GET /api/messages/latest/ HTTP/1.1" 200 814
INFO 2025-01-15 20:10:56,375 basehttp "GET /api/messages/latest/ HTTP/1.1" 200 814
INFO 2025-01-15 20:11:01,378 basehttp "GET /api/messages/latest/ HTTP/1.1" 200 814
INFO 2025-01-15 20:11:06,379 basehttp "GET /api/messages/latest/ HTTP/1.1" 200 814
INFO 2025-01-15 20:11:11,381 basehttp "GET /api/messages/latest/ HTTP/1.1" 200 814
INFO 2025-01-15 20:11:16,375 basehttp "GET /api/messages/latest/ HTTP/1.1" 200 814
INFO 2025-01-15 20:11:21,370 basehttp "GET /api/messages/latest/ HTTP/1.1" 200 814
INFO 2025-01-15 20:11:26,382 basehttp "GET /api/messages/latest/ HTTP/1.1" 200 814
INFO 2025-01-15 20:11:31,384 basehttp "GET /api/messages/latest/ HTTP/1.1" 200 814
INFO 2025-01-15 20:11:36,377 basehttp "GET /api/messages/latest/ HTTP/1.1" 200 814
INFO 2025-01-15 20:11:41,379 basehttp "GET /api/messages/latest/ HTTP/1.1" 200 814
INFO 2025-01-15 20:11:46,369 basehttp "GET /api/messages/latest/ HTTP/1.1" 200 814
INFO 2025-01-15 20:11:51,374 basehttp "GET /api/messages/latest/ HTTP/1.1" 200 814
INFO 2025-01-15 20:11:57,220 basehttp "GET /api/messages/latest/ HTTP/1.1" 200 814
INFO 2025-01-15 20:12:02,224 basehttp "GET /api/messages/latest/ HTTP/1.1" 200 814
INFO 2025-01-15 20:12:07,228 basehttp "GET /api/messages/latest/ HTTP/1.1" 200 814
INFO 2025-01-15 20:12:12,218 basehttp "GET /api/messages/latest/ HTTP/1.1" 200 814
INFO 2025-01-15 20:12:17,232 basehttp "GET /api/messages/latest/ HTTP/1.1" 200 814
INFO 2025-01-15 20:12:22,231 basehttp "GET /api/messages/latest/ HTTP/1.1" 200 814
INFO 2025-01-15 20:12:27,223 basehttp "GET /api/messages/latest/ HTTP/1.1" 200 814
INFO 2025-01-15 20:12:32,231 basehttp "GET /api/messages/latest/ HTTP/1.1" 200 814
INFO 2025-01-15 20:12:37,234 basehttp "GET /api/messages/latest/ HTTP/1.1" 200 814
INFO 2025-01-15 20:12:42,219 basehttp "GET /api/messages/latest/ HTTP/1.1" 200 814
INFO 2025-01-15 20:12:47,224 basehttp "GET /api/messages/latest/ HTTP/1.1" 200 814
INFO 2025-01-15 20:12:52,230 basehttp "GET /api/messages/latest/ HTTP/1.1" 200 814
INFO 2025-01-15 20:13:08,229 basehttp "GET /api/messages/latest/ HTTP/1.1" 200 814
INFO 2025-01-15 20:13:47,313 basehttp "GET /api/messages/latest/ HTTP/1.1" 200 814
INFO 2025-01-15 20:13:51,373 basehttp "GET /api/messages/latest/ HTTP/1.1" 200 814
INFO 2025-01-15 20:13:54,899 basehttp "GET /registration/ HTTP/1.1" 200 4364
INFO 2025-01-15 20:14:22,981 basehttp "GET /login/ HTTP/1.1" 302 0
INFO 2025-01-15 20:14:22,993 basehttp "GET /messages/ HTTP/1.1" 200 3660
INFO 2025-01-15 20:14:23,029 basehttp "GET /api/messages/latest/ HTTP/1.1" 200 814
INFO 2025-01-15 20:14:23,712 basehttp "POST /logout/ HTTP/1.1" 302 0
INFO 2025-01-15 20:14:23,715 basehttp "GET /login/ HTTP/1.1" 200 2369
INFO 2025-01-15 20:14:23,724 basehttp "GET /login/ HTTP/1.1" 200 2369
INFO 2025-01-15 20:14:23,741 basehttp "GET /static/js/login.js HTTP/1.1" 304 0
WARNING 2025-01-15 20:14:40,535 log Unauthorized: /login/
WARNING 2025-01-15 20:14:40,536 basehttp "POST /login/ HTTP/1.1" 401 80
INFO 2025-01-15 20:14:48,630 basehttp "POST /login/ HTTP/1.1" 200 47
INFO 2025-01-15 20:14:48,655 basehttp "GET /messages/ HTTP/1.1" 200 3660
INFO 2025-01-15 20:14:48,702 basehttp "GET /api/messages/latest/ HTTP/1.1" 200 814
INFO 2025-01-15 20:14:53,695 basehttp "GET /api/messages/latest/ HTTP/1.1" 200 814
INFO 2025-01-15 20:14:58,689 basehttp "GET /api/messages/latest/ HTTP/1.1" 200 814
INFO 2025-01-15 20:15:03,130 basehttp "GET /login/ HTTP/1.1" 200 2369
INFO 2025-01-15 20:15:03,181 basehttp "GET /static/js/login.js HTTP/1.1" 304 0
INFO 2025-01-15 20:15:03,692 basehttp "GET /api/messages/latest/ HTTP/1.1" 200 814
INFO 2025-01-15 20:15:07,332 basehttp "POST /login/ HTTP/1.1" 200 47
INFO 2025-01-15 20:15:07,357 basehttp "GET /messages/ HTTP/1.1" 200 3661
INFO 2025-01-15 20:15:07,386 basehttp "GET /static/js/messages.js HTTP/1.1" 304 0
INFO 2025-01-15 20:15:07,410 basehttp "GET /api/messages/latest/ HTTP/1.1" 200 814
INFO 2025-01-15 20:15:07,938 basehttp "GET /api/messages/latest/ HTTP/1.1" 200 814
INFO 2025-01-15 20:15:08,694 basehttp "GET /api/messages/latest/ HTTP/1.1" 200 814
INFO 2025-01-15 20:15:08,807 basehttp "GET /new_message/?reply_to=110 HTTP/1.1" 200 3110
INFO 2025-01-15 20:15:08,835 basehttp "GET /static/js/new_message.js HTTP/1.1" 304 0
INFO 2025-01-15 20:15:08,881 basehttp "GET /api/messages/latest/ HTTP/1.1" 200 814
INFO 2025-01-15 20:15:08,892 basehttp "GET /api/users/search/?username=Ivan HTTP/1.1" 200 87
INFO 2025-01-15 20:15:10,129 basehttp "POST /api/messages/send/ HTTP/1.1" 200 17
INFO 2025-01-15 20:15:10,151 basehttp "GET /messages/ HTTP/1.1" 200 3661
INFO 2025-01-15 20:15:10,205 basehttp "GET /api/messages/latest/ HTTP/1.1" 200 978
INFO 2025-01-15 20:15:13,699 basehttp "GET /api/messages/latest/ HTTP/1.1" 200 979
INFO 2025-01-15 20:15:15,198 basehttp "GET /api/messages/latest/ HTTP/1.1" 200 978
INFO 2025-01-15 20:15:18,686 basehttp "GET /api/messages/latest/ HTTP/1.1" 200 979
INFO 2025-01-15 20:15:20,186 basehttp "GET /api/messages/latest/ HTTP/1.1" 200 978
INFO 2025-01-15 20:15:23,691 basehttp "GET /api/messages/latest/ HTTP/1.1" 200 979
INFO 2025-01-15 20:15:25,191 basehttp "GET /api/messages/latest/ HTTP/1.1" 200 978
INFO 2025-01-15 20:15:26,044 basehttp "GET /api/messages/latest/ HTTP/1.1" 200 979
INFO 2025-01-15 20:15:28,684 basehttp "GET /api/messages/latest/ HTTP/1.1" 200 979
INFO 2025-01-15 20:15:30,184 basehttp "GET /api/messages/latest/ HTTP/1.1" 200 978
INFO 2025-01-15 20:15:33,690 basehttp "GET /api/messages/latest/ HTTP/1.1" 200 979
INFO 2025-01-15 20:15:35,189 basehttp "GET /api/messages/latest/ HTTP/1.1" 200 978
INFO 2025-01-15 20:15:38,683 basehttp "GET /api/messages/latest/ HTTP/1.1" 200 979
INFO 2025-01-15 20:15:40,179 basehttp "GET /api/messages/latest/ HTTP/1.1" 200 978
INFO 2025-01-15 20:15:43,690 basehttp "GET /api/messages/latest/ HTTP/1.1" 200 979
INFO 2025-01-15 20:15:45,190 basehttp "GET /api/messages/latest/ HTTP/1.1" 200 978
INFO 2025-01-15 20:15:48,690 basehttp "GET /api/messages/latest/ HTTP/1.1" 200 979
INFO 2025-01-15 20:15:50,184 basehttp "GET /api/messages/latest/ HTTP/1.1" 200 978
INFO 2025-01-15 20:15:53,685 basehttp "GET /api/messages/latest/ HTTP/1.1" 200 979
INFO 2025-01-15 20:15:55,186 basehttp "GET /api/messages/latest/ HTTP/1.1" 200 978
INFO 2025-01-15 20:15:56,907 basehttp "GET /new_message/ HTTP/1.1" 200 2528
INFO 2025-01-15 20:15:58,698 basehttp "GET /api/messages/latest/ HTTP/1.1" 200 979
INFO 2025-01-15 20:16:00,846 basehttp "GET /api/users/search/?username=itay HTTP/1.1" 200 13
INFO 2025-01-15 20:16:02,742 basehttp "GET /api/users/search/?username=tomer HTTP/1.1" 200 87
INFO 2025-01-15 20:16:03,693 basehttp "GET /api/messages/latest/ HTTP/1.1" 200 979
INFO 2025-01-15 20:16:03,837 basehttp "POST /api/messages/send/ HTTP/1.1" 200 17
INFO 2025-01-15 20:16:03,858 basehttp "GET /messages/ HTTP/1.1" 200 4139
INFO 2025-01-15 20:16:03,908 basehttp "GET /api/messages/latest/ HTTP/1.1" 200 1180
INFO 2025-01-15 20:16:04,718 basehttp "GET /new_message/ HTTP/1.1" 200 2528
INFO 2025-01-15 20:16:06,805 basehttp "GET /api/users/search/?username=tomer HTTP/1.1" 200 87
INFO 2025-01-15 20:16:08,141 basehttp "POST /api/messages/send/ HTTP/1.1" 200 17
INFO 2025-01-15 20:16:08,166 basehttp "GET /messages/ HTTP/1.1" 200 4617
INFO 2025-01-15 20:16:08,222 basehttp "GET /api/messages/latest/ HTTP/1.1" 200 1382
INFO 2025-01-15 20:16:08,687 basehttp "GET /api/messages/latest/ HTTP/1.1" 200 1385
INFO 2025-01-15 20:16:09,225 basehttp "GET /new_message/ HTTP/1.1" 200 2528
INFO 2025-01-15 20:16:10,981 basehttp "GET /api/users/search/?username=tomer HTTP/1.1" 200 87
INFO 2025-01-15 20:16:12,608 basehttp "POST /api/messages/send/ HTTP/1.1" 200 17
INFO 2025-01-15 20:16:12,631 basehttp "GET /messages/ HTTP/1.1" 200 5102
INFO 2025-01-15 20:16:12,709 basehttp "GET /api/messages/latest/ HTTP/1.1" 200 1591
INFO 2025-01-15 20:16:13,177 basehttp "GET /api/messages/latest/ HTTP/1.1" 200 1591
INFO 2025-01-15 20:16:13,691 basehttp "GET /api/messages/latest/ HTTP/1.1" 200 1595
INFO 2025-01-15 20:16:13,881 basehttp "GET /new_message/ HTTP/1.1" 200 2528
INFO 2025-01-15 20:16:16,438 basehttp "GET /api/users/search/?username=tomer HTTP/1.1" 200 87
INFO 2025-01-15 20:16:18,247 basehttp "POST /api/messages/send/ HTTP/1.1" 200 17
INFO 2025-01-15 20:16:18,277 basehttp "GET /messages/ HTTP/1.1" 200 5582
INFO 2025-01-15 20:16:18,346 basehttp "GET /api/messages/latest/ HTTP/1.1" 200 1795
INFO 2025-01-15 20:16:18,692 basehttp "GET /api/messages/latest/ HTTP/1.1" 200 1800
INFO 2025-01-15 20:16:19,133 basehttp "GET /new_message/ HTTP/1.1" 200 2528
INFO 2025-01-15 20:16:21,517 basehttp "GET /api/users/search/?username=tomer HTTP/1.1" 200 87
INFO 2025-01-15 20:16:22,701 basehttp "POST /api/messages/send/ HTTP/1.1" 200 17
INFO 2025-01-15 20:16:22,725 basehttp "GET /messages/ HTTP/1.1" 200 6060
INFO 2025-01-15 20:16:22,791 basehttp "GET /api/messages/latest/ HTTP/1.1" 200 1997
INFO 2025-01-15 20:16:23,395 basehttp "GET /new_message/ HTTP/1.1" 200 2528
INFO 2025-01-15 20:16:23,707 basehttp "GET /api/messages/latest/ HTTP/1.1" 200 2003
INFO 2025-01-15 20:16:25,339 basehttp "GET /api/users/search/?username=tomer HTTP/1.1" 200 87
INFO 2025-01-15 20:16:26,632 basehttp "POST /api/messages/send/ HTTP/1.1" 200 17
INFO 2025-01-15 20:16:26,657 basehttp "GET /messages/ HTTP/1.1" 200 6541
INFO 2025-01-15 20:16:26,710 basehttp "GET /api/messages/latest/ HTTP/1.1" 200 2202
INFO 2025-01-15 20:16:27,476 basehttp "GET /new_message/ HTTP/1.1" 200 2528
INFO 2025-01-15 20:16:28,705 basehttp "GET /api/messages/latest/ HTTP/1.1" 200 2209
INFO 2025-01-15 20:16:29,215 basehttp "GET /api/users/search/?username=tomer HTTP/1.1" 200 87
INFO 2025-01-15 20:16:30,761 basehttp "POST /api/messages/send/ HTTP/1.1" 200 17
INFO 2025-01-15 20:16:30,788 basehttp "GET /messages/ HTTP/1.1" 200 7022
INFO 2025-01-15 20:16:30,858 basehttp "GET /api/messages/latest/ HTTP/1.1" 200 2407
INFO 2025-01-15 20:16:33,694 basehttp "GET /api/messages/latest/ HTTP/1.1" 200 2415
INFO 2025-01-15 20:16:35,792 basehttp "GET /api/messages/latest/ HTTP/1.1" 200 2407
INFO 2025-01-15 20:16:35,833 basehttp "GET /api/messages/latest/ HTTP/1.1" 200 2407
INFO 2025-01-15 20:16:36,591 basehttp "GET /api/messages/latest/ HTTP/1.1" 200 2415
INFO 2025-01-15 20:16:37,782 basehttp "GET /api/messages/latest/ HTTP/1.1" 200 2415
INFO 2025-01-15 20:16:38,039 basehttp "GET /api/messages/latest/ HTTP/1.1" 200 2415
INFO 2025-01-15 20:16:38,451 basehttp "GET /api/messages/latest/ HTTP/1.1" 200 2415
INFO 2025-01-15 20:16:38,697 basehttp "GET /api/messages/latest/ HTTP/1.1" 200 2415
INFO 2025-01-15 20:16:39,004 basehttp "GET /api/messages/latest/ HTTP/1.1" 200 2415
INFO 2025-01-15 20:16:39,807 basehttp "GET /new_message/?reply_to=121 HTTP/1.1" 200 3111
INFO 2025-01-15 20:16:39,828 basehttp "GET /static/js/new_message.js HTTP/1.1" 304 0
INFO 2025-01-15 20:16:39,888 basehttp "GET /api/messages/latest/ HTTP/1.1" 200 2415
INFO 2025-01-15 20:16:39,902 basehttp "GET /api/users/search/?username=Keinan HTTP/1.1" 200 84
INFO 2025-01-15 20:16:40,825 basehttp "GET /api/messages/latest/ HTTP/1.1" 200 2407
INFO 2025-01-15 20:16:42,126 basehttp "POST /api/messages/send/ HTTP/1.1" 200 17
INFO 2025-01-15 20:16:42,149 basehttp "GET /messages/ HTTP/1.1" 200 7021
INFO 2025-01-15 20:16:42,161 basehttp "GET /static/js/messages.js HTTP/1.1" 304 0
INFO 2025-01-15 20:16:42,188 basehttp "GET /api/messages/latest/ HTTP/1.1" 200 2585
INFO 2025-01-15 20:16:43,079 basehttp "GET /api/messages/latest/ HTTP/1.1" 200 2585
INFO 2025-01-15 20:16:43,747 basehttp "GET /new_message/?reply_to=121 HTTP/1.1" 200 3111
INFO 2025-01-15 20:16:43,788 basehttp "GET /api/messages/latest/ HTTP/1.1" 200 2585
INFO 2025-01-15 20:16:43,793 basehttp "GET /api/users/search/?username=Keinan HTTP/1.1" 200 84
INFO 2025-01-15 20:16:45,166 basehttp "POST /api/messages/send/ HTTP/1.1" 200 17
INFO 2025-01-15 20:16:45,190 basehttp "GET /messages/ HTTP/1.1" 200 7021
INFO 2025-01-15 20:16:45,248 basehttp "GET /api/messages/latest/ HTTP/1.1" 200 2753
INFO 2025-01-15 20:16:45,840 basehttp "GET /api/messages/latest/ HTTP/1.1" 200 2747
INFO 2025-01-15 20:16:45,928 basehttp "GET /api/messages/latest/ HTTP/1.1" 200 2753
INFO 2025-01-15 20:16:46,141 basehttp "GET /api/messages/latest/ HTTP/1.1" 200 2753
INFO 2025-01-15 20:16:46,884 basehttp "GET /new_message/?reply_to=121 HTTP/1.1" 200 3111
INFO 2025-01-15 20:16:46,935 basehttp "GET /api/messages/latest/ HTTP/1.1" 200 2753
INFO 2025-01-15 20:16:46,942 basehttp "GET /api/users/search/?username=Keinan HTTP/1.1" 200 84
INFO 2025-01-15 20:16:48,620 basehttp "POST /api/messages/send/ HTTP/1.1" 200 17
INFO 2025-01-15 20:16:48,645 basehttp "GET /messages/ HTTP/1.1" 200 7021
INFO 2025-01-15 20:16:48,696 basehttp "GET /api/messages/latest/ HTTP/1.1" 200 2924
INFO 2025-01-15 20:16:49,378 basehttp "GET /api/messages/latest/ HTTP/1.1" 200 2924
INFO 2025-01-15 20:16:50,295 basehttp "GET /new_message/?reply_to=121 HTTP/1.1" 200 3111
INFO 2025-01-15 20:16:50,358 basehttp "GET /api/messages/latest/ HTTP/1.1" 200 2924
INFO 2025-01-15 20:16:50,365 basehttp "GET /api/users/search/?username=Keinan HTTP/1.1" 200 84
INFO 2025-01-15 20:16:50,825 basehttp "GET /api/messages/latest/ HTTP/1.1" 200 2919
INFO 2025-01-15 20:16:51,807 basehttp "POST /api/messages/send/ HTTP/1.1" 200 17
INFO 2025-01-15 20:16:51,830 basehttp "GET /messages/ HTTP/1.1" 200 7021
INFO 2025-01-15 20:16:51,877 basehttp "GET /api/messages/latest/ HTTP/1.1" 200 3096
INFO 2025-01-15 20:16:52,374 basehttp "GET /api/messages/latest/ HTTP/1.1" 200 3096
INFO 2025-01-15 20:16:53,426 basehttp "GET /api/messages/latest/ HTTP/1.1" 200 3096
INFO 2025-01-15 20:16:54,070 basehttp "GET /new_message/?reply_to=121 HTTP/1.1" 200 3111
INFO 2025-01-15 20:16:54,112 basehttp "GET /api/messages/latest/ HTTP/1.1" 200 3096
INFO 2025-01-15 20:16:54,120 basehttp "GET /api/users/search/?username=Keinan HTTP/1.1" 200 84
INFO 2025-01-15 20:16:55,619 basehttp "POST /api/messages/send/ HTTP/1.1" 200 17
INFO 2025-01-15 20:16:55,645 basehttp "GET /messages/ HTTP/1.1" 200 7021
INFO 2025-01-15 20:16:55,710 basehttp "GET /api/messages/latest/ HTTP/1.1" 200 3268
INFO 2025-01-15 20:16:55,839 basehttp "GET /api/messages/latest/ HTTP/1.1" 200 3265
INFO 2025-01-15 20:16:56,361 basehttp "GET /api/messages/latest/ HTTP/1.1" 200 3268
INFO 2025-01-15 20:16:57,140 basehttp "GET /new_message/?reply_to=121 HTTP/1.1" 200 3111
INFO 2025-01-15 20:16:57,196 basehttp "GET /api/messages/latest/ HTTP/1.1" 200 3268
INFO 2025-01-15 20:16:57,204 basehttp "GET /api/users/search/?username=Keinan HTTP/1.1" 200 84
INFO 2025-01-15 20:16:58,805 basehttp "POST /api/messages/send/ HTTP/1.1" 200 17
INFO 2025-01-15 20:16:58,828 basehttp "GET /messages/ HTTP/1.1" 200 7021
INFO 2025-01-15 20:16:58,901 basehttp "GET /api/messages/latest/ HTTP/1.1" 200 3439
INFO 2025-01-15 20:16:59,618 basehttp "GET /api/messages/latest/ HTTP/1.1" 200 3439
INFO 2025-01-15 20:17:00,834 basehttp "GET /api/messages/latest/ HTTP/1.1" 200 3437
INFO 2025-01-15 20:17:01,225 basehttp "GET /new_message/?reply_to=121 HTTP/1.1" 200 3111
INFO 2025-01-15 20:17:01,285 basehttp "GET /api/messages/latest/ HTTP/1.1" 200 3439
INFO 2025-01-15 20:17:01,291 basehttp "GET /api/users/search/?username=Keinan HTTP/1.1" 200 84
INFO 2025-01-15 20:17:02,765 basehttp "POST /api/messages/send/ HTTP/1.1" 200 17
INFO 2025-01-15 20:17:02,802 basehttp "GET /messages/ HTTP/1.1" 200 7021
INFO 2025-01-15 20:17:02,891 basehttp "GET /api/messages/latest/ HTTP/1.1" 200 3609
INFO 2025-01-15 20:17:03,495 basehttp "GET /api/messages/latest/ HTTP/1.1" 200 3609
INFO 2025-01-15 20:17:05,852 basehttp "GET /api/messages/latest/ HTTP/1.1" 200 3608
INFO 2025-01-15 20:17:07,864 basehttp "GET /api/messages/latest/ HTTP/1.1" 200 3609
INFO 2025-01-15 20:17:10,829 basehttp "GET /api/messages/latest/ HTTP/1.1" 200 3608
INFO 2025-01-15 20:17:12,784 basehttp "GET /api/messages/latest/ HTTP/1.1" 200 3608
INFO 2025-01-15 20:17:12,867 basehttp "GET /api/messages/latest/ HTTP/1.1" 200 3609
INFO 2025-01-15 20:17:13,967 basehttp "GET /api/messages/latest/ HTTP/1.1" 200 3608
INFO 2025-01-15 20:17:15,668 basehttp "GET /api/messages/latest/ HTTP/1.1" 200 3608
INFO 2025-01-15 20:17:15,841 basehttp "GET /api/messages/latest/ HTTP/1.1" 200 3608
INFO 2025-01-15 20:17:16,854 basehttp "GET /api/messages/latest/ HTTP/1.1" 200 3608
INFO 2025-01-15 20:17:17,869 basehttp "GET /api/messages/latest/ HTTP/1.1" 200 3609
INFO 2025-01-15 20:17:20,829 basehttp "GET /api/messages/latest/ HTTP/1.1" 200 3608
INFO 2025-01-15 20:17:22,857 basehttp "GET /api/messages/latest/ HTTP/1.1" 200 3609
INFO 2025-01-15 20:17:24,196 basehttp "GET /new_message/ HTTP/1.1" 200 2528
INFO 2025-01-15 20:17:27,860 basehttp "GET /api/messages/latest/ HTTP/1.1" 200 3609
INFO 2025-01-15 20:17:32,903 basehttp "GET /messages/ HTTP/1.1" 200 7022
INFO 2025-01-15 20:17:32,995 basehttp "GET /api/messages/latest/ HTTP/1.1" 200 3608
INFO 2025-01-15 20:17:33,242 basehttp "GET /api/messages/latest/ HTTP/1.1" 200 3609
INFO 2025-01-15 20:17:33,593 basehttp "GET /api/messages/latest/ HTTP/1.1" 200 3608
INFO 2025-01-15 20:17:33,877 basehttp "GET /api/messages/latest/ HTTP/1.1" 200 3608
INFO 2025-01-15 20:17:34,563 basehttp "GET /new_message/?reply_to=121 HTTP/1.1" 200 3111
INFO 2025-01-15 20:17:34,626 basehttp "GET /api/messages/latest/ HTTP/1.1" 200 3608
INFO 2025-01-15 20:17:34,637 basehttp "GET /api/users/search/?username=Ivan HTTP/1.1" 200 87
INFO 2025-01-15 20:17:38,242 basehttp "GET /api/messages/latest/ HTTP/1.1" 200 3609
INFO 2025-01-15 20:17:43,234 basehttp "GET /api/messages/latest/ HTTP/1.1" 200 3609
INFO 2025-01-15 20:17:48,238 basehttp "GET /api/messages/latest/ HTTP/1.1" 200 3609
INFO 2025-01-15 20:17:53,244 basehttp "GET /api/messages/latest/ HTTP/1.1" 200 3609
INFO 2025-01-15 20:17:58,117 basehttp "GET /messages/ HTTP/1.1" 200 7022
INFO 2025-01-15 20:17:58,204 basehttp "GET /api/messages/latest/ HTTP/1.1" 200 3608
INFO 2025-01-15 20:17:58,239 basehttp "GET /api/messages/latest/ HTTP/1.1" 200 3609
INFO 2025-01-15 20:17:58,759 basehttp "GET /new_message/ HTTP/1.1" 200 2528
INFO 2025-01-15 20:18:00,819 basehttp "GET /api/users/search/?username=Itay HTTP/1.1" 200 13
INFO 2025-01-15 20:18:03,240 basehttp "GET /api/messages/latest/ HTTP/1.1" 200 3609
INFO 2025-01-15 20:18:04,294 basehttp "GET /api/users/search/?username=Tome HTTP/1.1" 200 87
INFO 2025-01-15 20:18:07,957 basehttp "GET /api/users/search/?username=Itayu HTTP/1.1" 200 13
INFO 2025-01-15 20:18:08,247 basehttp "GET /api/messages/latest/ HTTP/1.1" 200 3609
WARNING 2025-01-15 20:18:08,343 log Bad Request: /api/messages/send/
WARNING 2025-01-15 20:18:08,343 basehttp "POST /api/messages/send/ HTTP/1.1" 400 54
INFO 2025-01-15 20:18:08,554 basehttp "GET /api/users/search/?username=Itay HTTP/1.1" 200 13
WARNING 2025-01-15 20:18:08,773 log Bad Request: /api/messages/send/
WARNING 2025-01-15 20:18:08,774 basehttp "POST /api/messages/send/ HTTP/1.1" 400 54
WARNING 2025-01-15 20:18:08,922 log Bad Request: /api/messages/send/
WARNING 2025-01-15 20:18:08,924 basehttp "POST /api/messages/send/ HTTP/1.1" 400 54
INFO 2025-01-15 20:18:13,245 basehttp "GET /api/messages/latest/ HTTP/1.1" 200 3609
INFO 2025-01-15 20:18:18,237 basehttp "GET /api/messages/latest/ HTTP/1.1" 200 3609
INFO 2025-01-15 20:18:20,460 basehttp "GET /messages/ HTTP/1.1" 200 7022
INFO 2025-01-15 20:18:20,539 basehttp "GET /api/messages/latest/ HTTP/1.1" 200 3608
INFO 2025-01-15 20:18:23,234 basehttp "GET /api/messages/latest/ HTTP/1.1" 200 3609
INFO 2025-01-15 20:18:24,168 basehttp "GET /registration/ HTTP/1.1" 200 4365
INFO 2025-01-15 20:18:25,928 basehttp "POST /logout/ HTTP/1.1" 302 0
INFO 2025-01-15 20:18:25,932 basehttp "GET /login/ HTTP/1.1" 200 2369
INFO 2025-01-15 20:18:25,946 basehttp "GET /login/ HTTP/1.1" 200 2369
INFO 2025-01-15 20:18:25,975 basehttp "GET /static/js/login.js HTTP/1.1" 304 0
INFO 2025-01-15 20:18:28,242 basehttp "GET /api/messages/latest/ HTTP/1.1" 200 3609
INFO 2025-01-15 20:19:07,147 basehttp "GET /registration/ HTTP/1.1" 200 3625
INFO 2025-01-15 20:19:08,241 basehttp "GET /api/messages/latest/ HTTP/1.1" 200 3609
INFO 2025-01-15 20:19:14,105 basehttp "GET /login/ HTTP/1.1" 200 2369
INFO 2025-01-15 20:19:19,189 basehttp "POST /login/ HTTP/1.1" 200 47
INFO 2025-01-15 20:19:19,218 basehttp "GET /messages/ HTTP/1.1" 200 7021
INFO 2025-01-15 20:19:19,296 basehttp "GET /api/messages/latest/ HTTP/1.1" 200 3609
INFO 2025-01-15 20:19:20,495 basehttp "GET /api/messages/latest/ HTTP/1.1" 200 3609
INFO 2025-01-15 20:19:24,282 basehttp "GET /api/messages/latest/ HTTP/1.1" 200 3609
INFO 2025-01-15 20:19:25,817 basehttp "GET /registration/ HTTP/1.1" 200 4364
INFO 2025-01-15 20:19:28,045 basehttp "GET /login/ HTTP/1.1" 302 0
INFO 2025-01-15 20:19:28,065 basehttp "GET /messages/ HTTP/1.1" 200 7021
INFO 2025-01-15 20:19:28,144 basehttp "GET /api/messages/latest/ HTTP/1.1" 200 3609
INFO 2025-01-15 20:19:32,700 basehttp "GET /api/messages/latest/ HTTP/1.1" 200 3609
INFO 2025-01-15 20:19:33,111 basehttp "GET /api/messages/latest/ HTTP/1.1" 200 3609
INFO 2025-01-15 20:19:33,341 basehttp "GET /new_message/?reply_to=121 HTTP/1.1" 200 3111
INFO 2025-01-15 20:19:33,372 basehttp "GET /static/js/new_message.js HTTP/1.1" 304 0
INFO 2025-01-15 20:19:33,434 basehttp "GET /api/messages/latest/ HTTP/1.1" 200 3609
INFO 2025-01-15 20:19:33,441 basehttp "GET /api/users/search/?username=Keinan HTTP/1.1" 200 84
INFO 2025-01-15 20:19:34,831 basehttp "GET /messages/ HTTP/1.1" 200 7021
INFO 2025-01-15 20:19:34,894 basehttp "GET /api/messages/latest/ HTTP/1.1" 200 3609
INFO 2025-01-15 20:19:39,877 basehttp "GET /api/messages/latest/ HTTP/1.1" 200 3609
INFO 2025-01-15 20:19:44,883 basehttp "GET /api/messages/latest/ HTTP/1.1" 200 3609
INFO 2025-01-15 20:19:49,878 basehttp "GET /api/messages/latest/ HTTP/1.1" 200 3609
INFO 2025-01-15 20:19:54,873 basehttp "GET /api/messages/latest/ HTTP/1.1" 200 3609
INFO 2025-01-15 20:19:59,885 basehttp "GET /api/messages/latest/ HTTP/1.1" 200 3609
INFO 2025-01-15 20:20:00,938 basehttp "GET /api/messages/latest/ HTTP/1.1" 200 3609
INFO 2025-01-15 20:20:04,892 basehttp "GET /api/messages/latest/ HTTP/1.1" 200 3609
INFO 2025-01-15 20:20:08,243 basehttp "GET /api/messages/latest/ HTTP/1.1" 200 3609
INFO 2025-01-15 20:20:09,880 basehttp "GET /api/messages/latest/ HTTP/1.1" 200 3609
INFO 2025-01-15 20:20:14,889 basehttp "GET /api/messages/latest/ HTTP/1.1" 200 3609
INFO 2025-01-15 20:20:19,874 basehttp "GET /api/messages/latest/ HTTP/1.1" 200 3609
INFO 2025-01-15 20:20:24,884 basehttp "GET /api/messages/latest/ HTTP/1.1" 200 3609
INFO 2025-01-15 20:20:29,880 basehttp "GET /api/messages/latest/ HTTP/1.1" 200 3609
INFO 2025-01-15 20:20:34,886 basehttp "GET /api/messages/latest/ HTTP/1.1" 200 3609
INFO 2025-01-15 20:20:39,875 basehttp "GET /api/messages/latest/ HTTP/1.1" 200 3609
INFO 2025-01-15 20:20:44,878 basehttp "GET /api/messages/latest/ HTTP/1.1" 200 3609
INFO 2025-01-15 20:20:49,888 basehttp "GET /api/messages/latest/ HTTP/1.1" 200 3609
INFO 2025-01-15 20:20:50,627 basehttp "GET /api/messages/latest/ HTTP/1.1" 200 3609
INFO 2025-01-15 20:20:51,244 basehttp "GET /api/messages/latest/ HTTP/1.1" 200 3609
INFO 2025-01-15 20:20:53,810 basehttp "POST /logout/ HTTP/1.1" 302 0
INFO 2025-01-15 20:20:53,814 basehttp "GET /login/ HTTP/1.1" 200 2369
INFO 2025-01-15 20:20:53,832 basehttp "GET /login/ HTTP/1.1" 200 2369
INFO 2025-01-15 20:21:08,239 basehttp "GET /api/messages/latest/ HTTP/1.1" 200 3609
INFO 2025-01-15 20:22:08,235 basehttp "GET /api/messages/latest/ HTTP/1.1" 200 3609
INFO 2025-01-15 20:22:27,385 basehttp "GET /api/messages/latest/ HTTP/1.1" 200 3609
INFO 2025-01-15 20:22:27,862 basehttp "GET /api/messages/latest/ HTTP/1.1" 200 3609
INFO 2025-01-15 20:22:33,246 basehttp "GET /api/messages/latest/ HTTP/1.1" 200 3609
INFO 2025-01-15 20:22:38,240 basehttp "GET /api/messages/latest/ HTTP/1.1" 200 3609
INFO 2025-01-15 20:22:43,236 basehttp "GET /api/messages/latest/ HTTP/1.1" 200 3609
INFO 2025-01-15 20:22:48,233 basehttp "GET /api/messages/latest/ HTTP/1.1" 200 3609
INFO 2025-01-15 20:22:53,254 basehttp "GET /api/messages/latest/ HTTP/1.1" 200 3609
INFO 2025-01-15 20:22:58,235 basehttp "GET /api/messages/latest/ HTTP/1.1" 200 3609
INFO 2025-01-15 20:23:03,241 basehttp "GET /api/messages/latest/ HTTP/1.1" 200 3609
INFO 2025-01-15 20:23:08,243 basehttp "GET /api/messages/latest/ HTTP/1.1" 200 3609
INFO 2025-01-15 20:23:12,858 basehttp "GET /api/messages/latest/ HTTP/1.1" 200 3609
INFO 2025-01-15 20:23:18,243 basehttp "GET /api/messages/latest/ HTTP/1.1" 200 3609
INFO 2025-01-15 20:23:23,251 basehttp "GET /api/messages/latest/ HTTP/1.1" 200 3609
INFO 2025-01-15 20:23:28,243 basehttp "GET /api/messages/latest/ HTTP/1.1" 200 3609
INFO 2025-01-15 20:23:33,233 basehttp "GET /api/messages/latest/ HTTP/1.1" 200 3609
INFO 2025-01-15 20:23:38,238 basehttp "GET /api/messages/latest/ HTTP/1.1" 200 3609
INFO 2025-01-15 20:23:43,235 basehttp "GET /api/messages/latest/ HTTP/1.1" 200 3609
INFO 2025-01-15 20:23:47,858 basehttp "GET /api/messages/latest/ HTTP/1.1" 200 3609
INFO 2025-01-15 20:23:53,232 basehttp "GET /api/messages/latest/ HTTP/1.1" 200 3609
INFO 2025-01-15 20:23:58,239 basehttp "GET /api/messages/latest/ HTTP/1.1" 200 3609
INFO 2025-01-15 20:24:03,236 basehttp "GET /api/messages/latest/ HTTP/1.1" 200 3609
INFO 2025-01-15 20:24:08,240 basehttp "GET /api/messages/latest/ HTTP/1.1" 200 3609
INFO 2025-01-15 20:24:13,242 basehttp "GET /api/messages/latest/ HTTP/1.1" 200 3609
INFO 2025-01-15 20:24:18,238 basehttp "GET /api/messages/latest/ HTTP/1.1" 200 3609
INFO 2025-01-15 20:24:23,230 basehttp "GET /api/messages/latest/ HTTP/1.1" 200 3609
INFO 2025-01-15 20:24:28,244 basehttp "GET /api/messages/latest/ HTTP/1.1" 200 3609
INFO 2025-01-15 20:24:33,236 basehttp "GET /api/messages/latest/ HTTP/1.1" 200 3609
INFO 2025-01-15 20:24:38,238 basehttp "GET /api/messages/latest/ HTTP/1.1" 200 3609
INFO 2025-01-15 20:24:43,246 basehttp "GET /api/messages/latest/ HTTP/1.1" 200 3609
INFO 2025-01-15 20:24:48,242 basehttp "GET /api/messages/latest/ HTTP/1.1" 200 3609
INFO 2025-01-15 20:25:08,240 basehttp "GET /api/messages/latest/ HTTP/1.1" 200 3609
INFO 2025-01-15 20:25:14,093 basehttp "GET /api/messages/latest/ HTTP/1.1" 200 3609
INFO 2025-01-15 20:25:17,860 basehttp "GET /api/messages/latest/ HTTP/1.1" 200 3609
INFO 2025-01-15 20:25:19,912 basehttp "GET /api/messages/latest/ HTTP/1.1" 200 3609
INFO 2025-01-15 20:25:20,251 basehttp "GET /api/messages/latest/ HTTP/1.1" 200 3609
INFO 2025-01-15 20:25:20,672 basehttp "GET /api/messages/latest/ HTTP/1.1" 200 3609
INFO 2025-01-15 20:25:21,569 basehttp "GET /api/messages/latest/ HTTP/1.1" 200 3609
INFO 2025-01-15 20:25:21,974 basehttp "GET /api/messages/latest/ HTTP/1.1" 200 3609
INFO 2025-01-15 20:25:22,382 basehttp "GET /api/messages/latest/ HTTP/1.1" 200 3609
INFO 2025-01-15 20:25:22,701 basehttp "GET /api/messages/latest/ HTTP/1.1" 200 3609
INFO 2025-01-15 20:25:22,855 basehttp "GET /api/messages/latest/ HTTP/1.1" 200 3609
INFO 2025-01-15 20:25:23,129 basehttp "GET /api/messages/latest/ HTTP/1.1" 200 3609
INFO 2025-01-15 20:25:23,628 basehttp "GET /api/messages/latest/ HTTP/1.1" 200 3609
INFO 2025-01-15 20:25:24,041 basehttp "GET /api/messages/latest/ HTTP/1.1" 200 3609
INFO 2025-01-15 20:25:27,861 basehttp "GET /api/messages/latest/ HTTP/1.1" 200 3609
INFO 2025-01-15 20:25:32,861 basehttp "GET /api/messages/latest/ HTTP/1.1" 200 3609
INFO 2025-01-15 20:25:37,860 basehttp "GET /api/messages/latest/ HTTP/1.1" 200 3609
INFO 2025-01-15 20:25:42,861 basehttp "GET /api/messages/latest/ HTTP/1.1" 200 3609
INFO 2025-01-15 20:25:47,852 basehttp "GET /api/messages/latest/ HTTP/1.1" 200 3609
INFO 2025-01-15 20:25:52,857 basehttp "GET /api/messages/latest/ HTTP/1.1" 200 3609
INFO 2025-01-15 20:25:57,855 basehttp "GET /api/messages/latest/ HTTP/1.1" 200 3609
INFO 2025-01-15 20:26:02,853 basehttp "GET /api/messages/latest/ HTTP/1.1" 200 3609
INFO 2025-01-15 20:26:07,863 basehttp "GET /api/messages/latest/ HTTP/1.1" 200 3609
INFO 2025-01-15 20:26:12,865 basehttp "GET /api/messages/latest/ HTTP/1.1" 200 3609
INFO 2025-01-15 20:26:17,853 basehttp "GET /api/messages/latest/ HTTP/1.1" 200 3609
INFO 2025-01-15 20:26:22,868 basehttp "GET /api/messages/latest/ HTTP/1.1" 200 3609
INFO 2025-01-15 20:26:27,851 basehttp "GET /api/messages/latest/ HTTP/1.1" 200 3609
INFO 2025-01-15 20:26:32,859 basehttp "GET /api/messages/latest/ HTTP/1.1" 200 3609
INFO 2025-01-15 20:26:37,864 basehttp "GET /api/messages/latest/ HTTP/1.1" 200 3609
INFO 2025-01-15 20:26:42,853 basehttp "GET /api/messages/latest/ HTTP/1.1" 200 3609
INFO 2025-01-15 20:26:48,235 basehttp "GET /api/messages/latest/ HTTP/1.1" 200 3609
INFO 2025-01-15 20:26:53,236 basehttp "GET /api/messages/latest/ HTTP/1.1" 200 3609
INFO 2025-01-15 20:26:58,244 basehttp "GET /api/messages/latest/ HTTP/1.1" 200 3609
INFO 2025-01-15 20:27:03,245 basehttp "GET /api/messages/latest/ HTTP/1.1" 200 3609
INFO 2025-01-15 20:27:08,237 basehttp "GET /api/messages/latest/ HTTP/1.1" 200 3609
INFO 2025-01-15 20:27:13,237 basehttp "GET /api/messages/latest/ HTTP/1.1" 200 3609
INFO 2025-01-15 20:27:18,246 basehttp "GET /api/messages/latest/ HTTP/1.1" 200 3609
INFO 2025-01-15 20:27:23,238 basehttp "GET /api/messages/latest/ HTTP/1.1" 200 3609
INFO 2025-01-15 20:27:28,250 basehttp "GET /api/messages/latest/ HTTP/1.1" 200 3609
INFO 2025-01-15 20:27:33,236 basehttp "GET /api/messages/latest/ HTTP/1.1" 200 3609
INFO 2025-01-15 20:27:38,244 basehttp "GET /api/messages/latest/ HTTP/1.1" 200 3609
INFO 2025-01-15 20:27:43,239 basehttp "GET /api/messages/latest/ HTTP/1.1" 200 3609
INFO 2025-01-15 20:28:08,243 basehttp "GET /api/messages/latest/ HTTP/1.1" 200 3609
INFO 2025-01-15 20:28:12,857 basehttp "GET /api/messages/latest/ HTTP/1.1" 200 3609
INFO 2025-01-15 20:28:17,851 basehttp "GET /api/messages/latest/ HTTP/1.1" 200 3609
INFO 2025-01-15 20:28:22,293 basehttp "GET /new_message/?reply_to=121 HTTP/1.1" 200 3111
INFO 2025-01-15 20:28:22,324 basehttp "GET /static/js/new_message.js HTTP/1.1" 304 0
INFO 2025-01-15 20:28:22,383 basehttp "GET /api/messages/latest/ HTTP/1.1" 200 3609
INFO 2025-01-15 20:28:22,391 basehttp "GET /api/users/search/?username=Keinan HTTP/1.1" 200 84
INFO 2025-01-15 20:28:24,558 basehttp "GET /messages/ HTTP/1.1" 200 7021
INFO 2025-01-15 20:28:24,596 basehttp "GET /static/js/messages.js HTTP/1.1" 304 0
INFO 2025-01-15 20:28:24,689 basehttp "GET /api/messages/latest/ HTTP/1.1" 200 3609
INFO 2025-01-15 20:28:25,526 basehttp "GET /api/messages/latest/ HTTP/1.1" 200 3609
INFO 2025-01-15 20:28:25,902 basehttp "GET /api/messages/latest/ HTTP/1.1" 200 3609
INFO 2025-01-15 20:28:26,212 basehttp "GET /api/messages/latest/ HTTP/1.1" 200 3609
INFO 2025-01-15 20:28:29,681 basehttp "GET /api/messages/latest/ HTTP/1.1" 200 3609
INFO 2025-01-15 20:28:34,673 basehttp "GET /api/messages/latest/ HTTP/1.1" 200 3609
INFO 2025-01-15 20:28:39,719 basehttp "GET /api/messages/latest/ HTTP/1.1" 200 3609
INFO 2025-01-15 20:28:44,685 basehttp "GET /api/messages/latest/ HTTP/1.1" 200 3609
INFO 2025-01-15 20:28:49,680 basehttp "GET /api/messages/latest/ HTTP/1.1" 200 3609
INFO 2025-01-15 20:28:54,686 basehttp "GET /api/messages/latest/ HTTP/1.1" 200 3609
INFO 2025-01-15 20:28:59,670 basehttp "GET /api/messages/latest/ HTTP/1.1" 200 3609
INFO 2025-01-15 20:29:04,677 basehttp "GET /api/messages/latest/ HTTP/1.1" 200 3609
INFO 2025-01-15 20:29:09,683 basehttp "GET /api/messages/latest/ HTTP/1.1" 200 3609
INFO 2025-01-15 20:29:14,668 basehttp "GET /api/messages/latest/ HTTP/1.1" 200 3609
INFO 2025-01-15 20:29:19,670 basehttp "GET /api/messages/latest/ HTTP/1.1" 200 3609
INFO 2025-01-15 20:29:24,681 basehttp "GET /api/messages/latest/ HTTP/1.1" 200 3609
INFO 2025-01-15 20:29:29,679 basehttp "GET /api/messages/latest/ HTTP/1.1" 200 3609
INFO 2025-01-15 20:29:34,674 basehttp "GET /api/messages/latest/ HTTP/1.1" 200 3609
INFO 2025-01-15 20:29:39,680 basehttp "GET /api/messages/latest/ HTTP/1.1" 200 3609
INFO 2025-01-15 20:29:44,668 basehttp "GET /api/messages/latest/ HTTP/1.1" 200 3609
INFO 2025-01-15 20:29:49,681 basehttp "GET /api/messages/latest/ HTTP/1.1" 200 3609
INFO 2025-01-15 20:29:54,673 basehttp "GET /api/messages/latest/ HTTP/1.1" 200 3609
INFO 2025-01-15 20:29:59,674 basehttp "GET /api/messages/latest/ HTTP/1.1" 200 3609
INFO 2025-01-15 20:30:04,679 basehttp "GET /api/messages/latest/ HTTP/1.1" 200 3609
INFO 2025-01-15 20:30:09,681 basehttp "GET /api/messages/latest/ HTTP/1.1" 200 3609
INFO 2025-01-15 20:30:14,671 basehttp "GET /api/messages/latest/ HTTP/1.1" 200 3609
INFO 2025-01-15 20:30:19,675 basehttp "GET /api/messages/latest/ HTTP/1.1" 200 3609
INFO 2025-01-15 20:30:24,673 basehttp "GET /api/messages/latest/ HTTP/1.1" 200 3609
INFO 2025-01-15 20:30:29,675 basehttp "GET /api/messages/latest/ HTTP/1.1" 200 3609
INFO 2025-01-15 20:30:34,667 basehttp "GET /api/messages/latest/ HTTP/1.1" 200 3609
INFO 2025-01-15 20:30:39,679 basehttp "GET /api/messages/latest/ HTTP/1.1" 200 3609
INFO 2025-01-15 20:30:44,667 basehttp "GET /api/messages/latest/ HTTP/1.1" 200 3609
INFO 2025-01-15 20:30:49,673 basehttp "GET /api/messages/latest/ HTTP/1.1" 200 3609
INFO 2025-01-15 20:30:54,671 basehttp "GET /api/messages/latest/ HTTP/1.1" 200 3609
INFO 2025-01-15 20:30:59,670 basehttp "GET /api/messages/latest/ HTTP/1.1" 200 3609
INFO 2025-01-15 20:31:04,669 basehttp "GET /api/messages/latest/ HTTP/1.1" 200 3609
INFO 2025-01-15 20:31:09,669 basehttp "GET /api/messages/latest/ HTTP/1.1" 200 3609
INFO 2025-01-15 20:31:14,671 basehttp "GET /api/messages/latest/ HTTP/1.1" 200 3609
INFO 2025-01-15 20:31:19,672 basehttp "GET /api/messages/latest/ HTTP/1.1" 200 3609
INFO 2025-01-15 20:31:24,677 basehttp "GET /api/messages/latest/ HTTP/1.1" 200 3609
INFO 2025-01-15 20:31:29,670 basehttp "GET /api/messages/latest/ HTTP/1.1" 200 3609
INFO 2025-01-15 20:31:34,675 basehttp "GET /api/messages/latest/ HTTP/1.1" 200 3609
INFO 2025-01-15 20:31:39,667 basehttp "GET /api/messages/latest/ HTTP/1.1" 200 3609
INFO 2025-01-15 20:31:44,682 basehttp "GET /api/messages/latest/ HTTP/1.1" 200 3609
INFO 2025-01-15 20:31:49,668 basehttp "GET /api/messages/latest/ HTTP/1.1" 200 3609
INFO 2025-01-15 20:31:54,679 basehttp "GET /api/messages/latest/ HTTP/1.1" 200 3609
INFO 2025-01-15 20:31:59,679 basehttp "GET /api/messages/latest/ HTTP/1.1" 200 3609
INFO 2025-01-15 20:32:04,671 basehttp "GET /api/messages/latest/ HTTP/1.1" 200 3609
INFO 2025-01-15 20:32:09,673 basehttp "GET /api/messages/latest/ HTTP/1.1" 200 3609
INFO 2025-01-15 20:32:14,669 basehttp "GET /api/messages/latest/ HTTP/1.1" 200 3609
INFO 2025-01-15 20:32:19,672 basehttp "GET /api/messages/latest/ HTTP/1.1" 200 3609
INFO 2025-01-15 20:32:24,672 basehttp "GET /api/messages/latest/ HTTP/1.1" 200 3609
INFO 2025-01-15 20:32:29,682 basehttp "GET /api/messages/latest/ HTTP/1.1" 200 3609
INFO 2025-01-15 20:32:34,666 basehttp "GET /api/messages/latest/ HTTP/1.1" 200 3609
INFO 2025-01-15 20:32:39,669 basehttp "GET /api/messages/latest/ HTTP/1.1" 200 3609
INFO 2025-01-15 20:32:44,681 basehttp "GET /api/messages/latest/ HTTP/1.1" 200 3609
INFO 2025-01-15 20:32:49,670 basehttp "GET /api/messages/latest/ HTTP/1.1" 200 3609
INFO 2025-01-15 20:32:54,672 basehttp "GET /api/messages/latest/ HTTP/1.1" 200 3609
INFO 2025-01-15 20:32:59,681 basehttp "GET /api/messages/latest/ HTTP/1.1" 200 3609
INFO 2025-01-15 20:33:04,682 basehttp "GET /api/messages/latest/ HTTP/1.1" 200 3609
INFO 2025-01-15 20:33:09,677 basehttp "GET /api/messages/latest/ HTTP/1.1" 200 3609
INFO 2025-01-15 20:33:14,677 basehttp "GET /api/messages/latest/ HTTP/1.1" 200 3609
INFO 2025-01-15 20:33:19,680 basehttp "GET /api/messages/latest/ HTTP/1.1" 200 3609
INFO 2025-01-15 20:33:24,668 basehttp "GET /api/messages/latest/ HTTP/1.1" 200 3609
INFO 2025-01-15 20:33:29,680 basehttp "GET /api/messages/latest/ HTTP/1.1" 200 3609
INFO 2025-01-15 20:33:34,686 basehttp "GET /api/messages/latest/ HTTP/1.1" 200 3609
INFO 2025-01-15 20:33:39,685 basehttp "GET /api/messages/latest/ HTTP/1.1" 200 3609
INFO 2025-01-15 20:33:44,669 basehttp "GET /api/messages/latest/ HTTP/1.1" 200 3609
INFO 2025-01-15 20:33:49,667 basehttp "GET /api/messages/latest/ HTTP/1.1" 200 3609
INFO 2025-01-15 20:33:54,684 basehttp "GET /api/messages/latest/ HTTP/1.1" 200 3609
INFO 2025-01-15 20:33:59,675 basehttp "GET /api/messages/latest/ HTTP/1.1" 200 3609
INFO 2025-01-15 20:34:04,679 basehttp "GET /api/messages/latest/ HTTP/1.1" 200 3609
INFO 2025-01-15 20:34:09,681 basehttp "GET /api/messages/latest/ HTTP/1.1" 200 3609
INFO 2025-01-15 20:34:14,681 basehttp "GET /api/messages/latest/ HTTP/1.1" 200 3609
INFO 2025-01-15 20:34:19,673 basehttp "GET /api/messages/latest/ HTTP/1.1" 200 3609
INFO 2025-01-15 20:34:24,666 basehttp "GET /api/messages/latest/ HTTP/1.1" 200 3609
INFO 2025-01-15 20:34:29,679 basehttp "GET /api/messages/latest/ HTTP/1.1" 200 3609
INFO 2025-01-15 20:34:34,674 basehttp "GET /api/messages/latest/ HTTP/1.1" 200 3609
INFO 2025-01-15 20:34:39,668 basehttp "GET /api/messages/latest/ HTTP/1.1" 200 3609
INFO 2025-01-15 20:34:44,681 basehttp "GET /api/messages/latest/ HTTP/1.1" 200 3609
INFO 2025-01-15 20:34:49,669 basehttp "GET /api/messages/latest/ HTTP/1.1" 200 3609
INFO 2025-01-15 20:34:54,689 basehttp "GET /api/messages/latest/ HTTP/1.1" 200 3609
INFO 2025-01-15 20:34:59,666 basehttp "GET /api/messages/latest/ HTTP/1.1" 200 3609
INFO 2025-01-15 20:35:04,681 basehttp "GET /api/messages/latest/ HTTP/1.1" 200 3609
INFO 2025-01-15 20:35:09,665 basehttp "GET /api/messages/latest/ HTTP/1.1" 200 3609
INFO 2025-01-15 20:35:14,669 basehttp "GET /api/messages/latest/ HTTP/1.1" 200 3609
INFO 2025-01-15 20:35:19,677 basehttp "GET /api/messages/latest/ HTTP/1.1" 200 3609
INFO 2025-01-15 20:35:24,668 basehttp "GET /api/messages/latest/ HTTP/1.1" 200 3609
INFO 2025-01-15 20:35:29,678 basehttp "GET /api/messages/latest/ HTTP/1.1" 200 3609
INFO 2025-01-15 20:35:34,674 basehttp "GET /api/messages/latest/ HTTP/1.1" 200 3609
INFO 2025-01-15 20:35:39,670 basehttp "GET /api/messages/latest/ HTTP/1.1" 200 3609
INFO 2025-01-15 20:35:44,678 basehttp "GET /api/messages/latest/ HTTP/1.1" 200 3609
INFO 2025-01-15 20:35:49,678 basehttp "GET /api/messages/latest/ HTTP/1.1" 200 3609
INFO 2025-01-15 20:35:54,671 basehttp "GET /api/messages/latest/ HTTP/1.1" 200 3609
INFO 2025-01-15 20:35:59,680 basehttp "GET /api/messages/latest/ HTTP/1.1" 200 3609
INFO 2025-01-15 20:36:04,682 basehttp "GET /api/messages/latest/ HTTP/1.1" 200 3609
INFO 2025-01-15 20:36:09,673 basehttp "GET /api/messages/latest/ HTTP/1.1" 200 3609
INFO 2025-01-15 20:36:14,690 basehttp "GET /api/messages/latest/ HTTP/1.1" 200 3609
INFO 2025-01-15 20:36:19,667 basehttp "GET /api/messages/latest/ HTTP/1.1" 200 3609
INFO 2025-01-15 20:36:24,693 basehttp "GET /api/messages/latest/ HTTP/1.1" 200 3609
INFO 2025-01-15 20:36:29,676 basehttp "GET /api/messages/latest/ HTTP/1.1" 200 3609
INFO 2025-01-15 20:36:34,671 basehttp "GET /api/messages/latest/ HTTP/1.1" 200 3609
INFO 2025-01-15 20:36:39,669 basehttp "GET /api/messages/latest/ HTTP/1.1" 200 3609
INFO 2025-01-15 20:36:44,666 basehttp "GET /api/messages/latest/ HTTP/1.1" 200 3609
INFO 2025-01-15 20:36:49,681 basehttp "GET /api/messages/latest/ HTTP/1.1" 200 3609
INFO 2025-01-15 20:36:54,683 basehttp "GET /api/messages/latest/ HTTP/1.1" 200 3609
INFO 2025-01-15 20:36:59,693 basehttp "GET /api/messages/latest/ HTTP/1.1" 200 3609
INFO 2025-01-15 20:37:04,681 basehttp "GET /api/messages/latest/ HTTP/1.1" 200 3609
INFO 2025-01-15 20:37:09,673 basehttp "GET /api/messages/latest/ HTTP/1.1" 200 3609
INFO 2025-01-15 20:37:14,684 basehttp "GET /api/messages/latest/ HTTP/1.1" 200 3609
INFO 2025-01-15 20:37:19,690 basehttp "GET /api/messages/latest/ HTTP/1.1" 200 3609
INFO 2025-01-15 20:37:24,678 basehttp "GET /api/messages/latest/ HTTP/1.1" 200 3609
INFO 2025-01-15 20:37:29,672 basehttp "GET /api/messages/latest/ HTTP/1.1" 200 3609
INFO 2025-01-15 20:37:34,671 basehttp "GET /api/messages/latest/ HTTP/1.1" 200 3609
INFO 2025-01-15 20:37:39,672 basehttp "GET /api/messages/latest/ HTTP/1.1" 200 3609
INFO 2025-01-15 20:37:44,670 basehttp "GET /api/messages/latest/ HTTP/1.1" 200 3609
INFO 2025-01-15 20:37:49,670 basehttp "GET /api/messages/latest/ HTTP/1.1" 200 3609
INFO 2025-01-15 20:37:54,676 basehttp "GET /api/messages/latest/ HTTP/1.1" 200 3609
INFO 2025-01-15 20:37:59,670 basehttp "GET /api/messages/latest/ HTTP/1.1" 200 3609
INFO 2025-01-15 20:38:04,672 basehttp "GET /api/messages/latest/ HTTP/1.1" 200 3609
INFO 2025-01-15 20:38:09,666 basehttp "GET /api/messages/latest/ HTTP/1.1" 200 3609
INFO 2025-01-15 20:38:14,686 basehttp "GET /api/messages/latest/ HTTP/1.1" 200 3609
INFO 2025-01-15 20:38:19,680 basehttp "GET /api/messages/latest/ HTTP/1.1" 200 3609
INFO 2025-01-15 20:38:24,668 basehttp "GET /api/messages/latest/ HTTP/1.1" 200 3609
INFO 2025-01-15 20:38:29,666 basehttp "GET /api/messages/latest/ HTTP/1.1" 200 3609
INFO 2025-01-15 20:38:34,675 basehttp "GET /api/messages/latest/ HTTP/1.1" 200 3609
INFO 2025-01-15 20:38:39,669 basehttp "GET /api/messages/latest/ HTTP/1.1" 200 3609
INFO 2025-01-15 20:38:44,670 basehttp "GET /api/messages/latest/ HTTP/1.1" 200 3609
INFO 2025-01-15 20:38:49,682 basehttp "GET /api/messages/latest/ HTTP/1.1" 200 3609
INFO 2025-01-15 20:38:54,674 basehttp "GET /api/messages/latest/ HTTP/1.1" 200 3609
INFO 2025-01-15 20:38:59,679 basehttp "GET /api/messages/latest/ HTTP/1.1" 200 3609
INFO 2025-01-15 20:39:04,669 basehttp "GET /api/messages/latest/ HTTP/1.1" 200 3609
INFO 2025-01-15 20:39:09,689 basehttp "GET /api/messages/latest/ HTTP/1.1" 200 3609
INFO 2025-01-15 20:39:14,676 basehttp "GET /api/messages/latest/ HTTP/1.1" 200 3609
INFO 2025-01-15 20:39:19,670 basehttp "GET /api/messages/latest/ HTTP/1.1" 200 3609
INFO 2025-01-15 20:39:24,669 basehttp "GET /api/messages/latest/ HTTP/1.1" 200 3609
INFO 2025-01-15 20:39:29,675 basehttp "GET /api/messages/latest/ HTTP/1.1" 200 3609
INFO 2025-01-15 20:39:34,672 basehttp "GET /api/messages/latest/ HTTP/1.1" 200 3609
INFO 2025-01-15 20:39:39,670 basehttp "GET /api/messages/latest/ HTTP/1.1" 200 3609
INFO 2025-01-15 20:39:44,682 basehttp "GET /api/messages/latest/ HTTP/1.1" 200 3609
INFO 2025-01-15 20:39:49,674 basehttp "GET /api/messages/latest/ HTTP/1.1" 200 3609
INFO 2025-01-15 20:39:54,675 basehttp "GET /api/messages/latest/ HTTP/1.1" 200 3609
INFO 2025-01-15 20:39:59,703 basehttp "GET /api/messages/latest/ HTTP/1.1" 200 3609
INFO 2025-01-15 20:40:04,706 basehttp "GET /api/messages/latest/ HTTP/1.1" 200 3609
INFO 2025-01-15 20:40:09,671 basehttp "GET /api/messages/latest/ HTTP/1.1" 200 3609
INFO 2025-01-15 20:40:14,678 basehttp "GET /api/messages/latest/ HTTP/1.1" 200 3609
INFO 2025-01-15 20:40:19,681 basehttp "GET /api/messages/latest/ HTTP/1.1" 200 3609
INFO 2025-01-15 20:40:24,701 basehttp "GET /api/messages/latest/ HTTP/1.1" 200 3609
INFO 2025-01-15 20:40:29,666 basehttp "GET /api/messages/latest/ HTTP/1.1" 200 3609
INFO 2025-01-15 20:40:34,684 basehttp "GET /api/messages/latest/ HTTP/1.1" 200 3609
INFO 2025-01-15 20:40:39,670 basehttp "GET /api/messages/latest/ HTTP/1.1" 200 3609
INFO 2025-01-15 20:40:44,697 basehttp "GET /api/messages/latest/ HTTP/1.1" 200 3609
INFO 2025-01-15 20:40:49,708 basehttp "GET /api/messages/latest/ HTTP/1.1" 200 3609
INFO 2025-01-15 20:40:54,680 basehttp "GET /api/messages/latest/ HTTP/1.1" 200 3609
INFO 2025-01-15 20:40:59,686 basehttp "GET /api/messages/latest/ HTTP/1.1" 200 3609
INFO 2025-01-15 20:41:04,680 basehttp "GET /api/messages/latest/ HTTP/1.1" 200 3609
INFO 2025-01-15 20:41:09,709 basehttp "GET /api/messages/latest/ HTTP/1.1" 200 3609
INFO 2025-01-15 20:41:14,666 basehttp "GET /api/messages/latest/ HTTP/1.1" 200 3609
INFO 2025-01-15 20:41:19,679 basehttp "GET /api/messages/latest/ HTTP/1.1" 200 3609
INFO 2025-01-15 20:41:24,670 basehttp "GET /api/messages/latest/ HTTP/1.1" 200 3609
INFO 2025-01-15 20:41:29,666 basehttp "GET /api/messages/latest/ HTTP/1.1" 200 3609
INFO 2025-01-15 20:41:34,686 basehttp "GET /api/messages/latest/ HTTP/1.1" 200 3609
INFO 2025-01-15 20:41:39,683 basehttp "GET /api/messages/latest/ HTTP/1.1" 200 3609
INFO 2025-01-15 20:41:44,688 basehttp "GET /api/messages/latest/ HTTP/1.1" 200 3609
INFO 2025-01-15 20:41:49,680 basehttp "GET /api/messages/latest/ HTTP/1.1" 200 3609
INFO 2025-01-15 20:41:54,666 basehttp "GET /api/messages/latest/ HTTP/1.1" 200 3609
INFO 2025-01-15 20:41:59,681 basehttp "GET /api/messages/latest/ HTTP/1.1" 200 3609
INFO 2025-01-15 20:42:04,686 basehttp "GET /api/messages/latest/ HTTP/1.1" 200 3609
INFO 2025-01-15 20:42:09,673 basehttp "GET /api/messages/latest/ HTTP/1.1" 200 3609
INFO 2025-01-15 20:42:14,676 basehttp "GET /api/messages/latest/ HTTP/1.1" 200 3609
INFO 2025-01-15 20:42:19,667 basehttp "GET /api/messages/latest/ HTTP/1.1" 200 3609
INFO 2025-01-15 20:42:24,680 basehttp "GET /api/messages/latest/ HTTP/1.1" 200 3609
INFO 2025-01-15 20:42:29,680 basehttp "GET /api/messages/latest/ HTTP/1.1" 200 3609
INFO 2025-01-15 20:42:34,673 basehttp "GET /api/messages/latest/ HTTP/1.1" 200 3609
INFO 2025-01-15 20:42:39,713 basehttp "GET /api/messages/latest/ HTTP/1.1" 200 3609
INFO 2025-01-15 20:42:44,669 basehttp "GET /api/messages/latest/ HTTP/1.1" 200 3609
INFO 2025-01-15 20:42:49,681 basehttp "GET /api/messages/latest/ HTTP/1.1" 200 3609
INFO 2025-01-15 20:42:54,676 basehttp "GET /api/messages/latest/ HTTP/1.1" 200 3609
INFO 2025-01-15 20:42:59,681 basehttp "GET /api/messages/latest/ HTTP/1.1" 200 3609
INFO 2025-01-15 20:43:04,670 basehttp "GET /api/messages/latest/ HTTP/1.1" 200 3609
INFO 2025-01-15 20:43:09,677 basehttp "GET /api/messages/latest/ HTTP/1.1" 200 3609
INFO 2025-01-15 20:43:14,683 basehttp "GET /api/messages/latest/ HTTP/1.1" 200 3609
INFO 2025-01-15 20:43:19,679 basehttp "GET /api/messages/latest/ HTTP/1.1" 200 3609
INFO 2025-01-15 20:43:24,669 basehttp "GET /api/messages/latest/ HTTP/1.1" 200 3609
INFO 2025-01-15 20:43:29,678 basehttp "GET /api/messages/latest/ HTTP/1.1" 200 3609
INFO 2025-01-15 20:43:34,684 basehttp "GET /api/messages/latest/ HTTP/1.1" 200 3609
INFO 2025-01-15 20:43:39,676 basehttp "GET /api/messages/latest/ HTTP/1.1" 200 3609
INFO 2025-01-15 20:43:44,679 basehttp "GET /api/messages/latest/ HTTP/1.1" 200 3609
INFO 2025-01-15 20:43:49,669 basehttp "GET /api/messages/latest/ HTTP/1.1" 200 3609
INFO 2025-01-15 20:43:54,677 basehttp "GET /api/messages/latest/ HTTP/1.1" 200 3609
INFO 2025-01-15 20:43:59,670 basehttp "GET /api/messages/latest/ HTTP/1.1" 200 3609
INFO 2025-01-15 20:44:04,667 basehttp "GET /api/messages/latest/ HTTP/1.1" 200 3609
INFO 2025-01-15 20:44:09,668 basehttp "GET /api/messages/latest/ HTTP/1.1" 200 3609
INFO 2025-01-15 20:44:14,676 basehttp "GET /api/messages/latest/ HTTP/1.1" 200 3609
INFO 2025-01-15 20:44:19,676 basehttp "GET /api/messages/latest/ HTTP/1.1" 200 3609
INFO 2025-01-15 20:44:24,678 basehttp "GET /api/messages/latest/ HTTP/1.1" 200 3609
INFO 2025-01-15 20:44:29,677 basehttp "GET /api/messages/latest/ HTTP/1.1" 200 3609
INFO 2025-01-15 20:44:34,667 basehttp "GET /api/messages/latest/ HTTP/1.1" 200 3609
INFO 2025-01-15 20:44:39,677 basehttp "GET /api/messages/latest/ HTTP/1.1" 200 3609
INFO 2025-01-15 20:44:44,678 basehttp "GET /api/messages/latest/ HTTP/1.1" 200 3609
INFO 2025-01-15 20:44:49,680 basehttp "GET /api/messages/latest/ HTTP/1.1" 200 3609
INFO 2025-01-15 20:44:54,670 basehttp "GET /api/messages/latest/ HTTP/1.1" 200 3609
INFO 2025-01-15 20:44:59,670 basehttp "GET /api/messages/latest/ HTTP/1.1" 200 3609
INFO 2025-01-15 20:45:04,691 basehttp "GET /api/messages/latest/ HTTP/1.1" 200 3609
INFO 2025-01-15 20:45:09,681 basehttp "GET /api/messages/latest/ HTTP/1.1" 200 3609
INFO 2025-01-15 20:45:14,679 basehttp "GET /api/messages/latest/ HTTP/1.1" 200 3609
INFO 2025-01-15 20:45:19,673 basehttp "GET /api/messages/latest/ HTTP/1.1" 200 3609
INFO 2025-01-15 20:45:24,672 basehttp "GET /api/messages/latest/ HTTP/1.1" 200 3609
INFO 2025-01-15 20:45:29,674 basehttp "GET /api/messages/latest/ HTTP/1.1" 200 3609
INFO 2025-01-15 20:45:34,676 basehttp "GET /api/messages/latest/ HTTP/1.1" 200 3609
INFO 2025-01-15 20:45:39,681 basehttp "GET /api/messages/latest/ HTTP/1.1" 200 3609
INFO 2025-01-15 20:45:44,689 basehttp "GET /api/messages/latest/ HTTP/1.1" 200 3609
INFO 2025-01-15 20:45:49,672 basehttp "GET /api/messages/latest/ HTTP/1.1" 200 3609
INFO 2025-01-15 20:45:54,680 basehttp "GET /api/messages/latest/ HTTP/1.1" 200 3609
INFO 2025-01-15 20:45:59,670 basehttp "GET /api/messages/latest/ HTTP/1.1" 200 3609
INFO 2025-01-15 20:46:04,668 basehttp "GET /api/messages/latest/ HTTP/1.1" 200 3609
INFO 2025-01-15 20:46:09,678 basehttp "GET /api/messages/latest/ HTTP/1.1" 200 3609
INFO 2025-01-15 20:46:14,668 basehttp "GET /api/messages/latest/ HTTP/1.1" 200 3609
INFO 2025-01-15 20:46:19,683 basehttp "GET /api/messages/latest/ HTTP/1.1" 200 3609
INFO 2025-01-15 20:46:24,670 basehttp "GET /api/messages/latest/ HTTP/1.1" 200 3609
INFO 2025-01-15 20:46:29,678 basehttp "GET /api/messages/latest/ HTTP/1.1" 200 3609
INFO 2025-01-15 20:46:34,682 basehttp "GET /api/messages/latest/ HTTP/1.1" 200 3609
INFO 2025-01-15 20:46:39,669 basehttp "GET /api/messages/latest/ HTTP/1.1" 200 3609
INFO 2025-01-15 20:46:44,673 basehttp "GET /api/messages/latest/ HTTP/1.1" 200 3609
INFO 2025-01-15 20:46:49,671 basehttp "GET /api/messages/latest/ HTTP/1.1" 200 3609
INFO 2025-01-15 20:46:54,673 basehttp "GET /api/messages/latest/ HTTP/1.1" 200 3609
INFO 2025-01-15 20:46:59,682 basehttp "GET /api/messages/latest/ HTTP/1.1" 200 3609
INFO 2025-01-15 20:47:04,674 basehttp "GET /api/messages/latest/ HTTP/1.1" 200 3609
INFO 2025-01-15 20:47:09,708 basehttp "GET /api/messages/latest/ HTTP/1.1" 200 3609
INFO 2025-01-15 20:47:14,676 basehttp "GET /api/messages/latest/ HTTP/1.1" 200 3609
INFO 2025-01-15 20:47:19,673 basehttp "GET /api/messages/latest/ HTTP/1.1" 200 3609
INFO 2025-01-15 20:47:24,683 basehttp "GET /api/messages/latest/ HTTP/1.1" 200 3609
INFO 2025-01-15 20:47:29,682 basehttp "GET /api/messages/latest/ HTTP/1.1" 200 3609
INFO 2025-01-15 20:47:34,667 basehttp "GET /api/messages/latest/ HTTP/1.1" 200 3609
INFO 2025-01-15 20:47:39,671 basehttp "GET /api/messages/latest/ HTTP/1.1" 200 3609
INFO 2025-01-15 20:47:44,677 basehttp "GET /api/messages/latest/ HTTP/1.1" 200 3609
INFO 2025-01-15 20:47:49,686 basehttp "GET /api/messages/latest/ HTTP/1.1" 200 3609
INFO 2025-01-15 20:47:54,678 basehttp "GET /api/messages/latest/ HTTP/1.1" 200 3609
INFO 2025-01-15 20:47:59,680 basehttp "GET /api/messages/latest/ HTTP/1.1" 200 3609
INFO 2025-01-15 20:48:04,681 basehttp "GET /api/messages/latest/ HTTP/1.1" 200 3609
INFO 2025-01-15 20:48:09,666 basehttp "GET /api/messages/latest/ HTTP/1.1" 200 3609
INFO 2025-01-15 20:48:14,677 basehttp "GET /api/messages/latest/ HTTP/1.1" 200 3609
INFO 2025-01-15 20:48:19,701 basehttp "GET /api/messages/latest/ HTTP/1.1" 200 3609
INFO 2025-01-15 20:48:24,704 basehttp "GET /api/messages/latest/ HTTP/1.1" 200 3609
INFO 2025-01-15 20:48:29,702 basehttp "GET /api/messages/latest/ HTTP/1.1" 200 3609
